#
# A fatal error has been detected by the Java Runtime Environment:
#
#  Internal Error (oopMapCache.cpp:105), pid=20589, tid=18435
#  Error: ShouldNotReachHere()
#
# JRE version: Java(TM) SE Runtime Environment (9.0+11) (build 9.0.1+11)
# Java VM: Java HotSpot(TM) 64-Bit Server VM (9.0.1+11, mixed mode, tiered, compressed oops, g1 gc, bsd-amd64)
# No core dump will be written. Core dumps have been disabled. To enable core dumping, try "ulimit -c unlimited" before starting Java again
#
# If you would like to submit a bug report, please visit:
#   http://bugreport.java.com/bugreport/crash.jsp
#

---------------  S U M M A R Y ------------

Command Line: -agentlib:jdwp=transport=dt_socket,suspend=y,address=localhost:60867 -ea -Dfile.encoding=UTF-8 org.testng.remote.RemoteTestNG -serport 60866 -protocol json -d /Users/nilmi/Documents/SPH/WebChallenge/test-output /var/folders/63/qfwfx1sd5tjdk0wz8vc3srbm0000gn/T/testng-eclipse--647200478/testng-customsuite.xml

Host: MacBookPro14,1 x86_64 2300 MHz, 4 cores, 8G, Darwin 17.3.0
Time: Sun Jan 21 20:13:29 2018 +0530 elapsed time: 1684 seconds (0d 0h 28m 4s)

---------------  T H R E A D  ---------------

Current thread (0x00007ff729803800):  VMThread "VM Thread" [stack: 0x000070000c2be000,0x000070000c3be000] [id=18435]

Stack: [0x000070000c2be000,0x000070000c3be000],  sp=0x000070000c3bd550,  free space=1021k
Native frames: (J=compiled Java code, A=aot compiled Java code, j=interpreted, Vv=VM code, C=native code)
V  [libjvm.dylib+0x73d46b]
V  [libjvm.dylib+0x73db28]
V  [libjvm.dylib+0x26b9cc]
V  [libjvm.dylib+0x5e7ee2]
V  [libjvm.dylib+0x5e861c]
V  [libjvm.dylib+0x5e8ceb]
V  [libjvm.dylib+0x5e8b17]
V  [libjvm.dylib+0x5b1e67]
V  [libjvm.dylib+0x4a6731]
V  [libjvm.dylib+0x746727]
V  [libjvm.dylib+0x745d9c]
V  [libjvm.dylib+0x745a8e]
V  [libjvm.dylib+0x7456b9]
V  [libjvm.dylib+0x5ef563]
C  [libsystem_pthread.dylib+0x36c1]  _pthread_body+0x154
C  [libsystem_pthread.dylib+0x356d]  _pthread_body+0x0
C  [libsystem_pthread.dylib+0x2c5d]  thread_start+0xd

VM_Operation (0x000070000cd5ba18): GetOrSetLocal, mode: safepoint, requested by thread 0x00007ff728801800


---------------  P R O C E S S  ---------------

Java Threads: ( => current thread )
  0x00007ff728a90800 JavaThread "Exec Stream Pumper" daemon [_thread_in_native, id=25347, stack(0x000070000d49b000,0x000070000d59b000)]
  0x00007ff728294000 JavaThread "Exec Stream Pumper" daemon [_thread_in_native, id=25091, stack(0x000070000d398000,0x000070000d498000)]
  0x00007ff729b03800 JavaThread "process reaper" daemon [_thread_in_native, id=40195, stack(0x000070000d371000,0x000070000d395000)]
  0x00007ff729261800 JavaThread "Exec Default Executor" daemon [_thread_blocked, id=40451, stack(0x000070000d26e000,0x000070000d36e000)]
  0x00007ff72892c800 JavaThread "ReaderThread" [_thread_in_native, id=24323, stack(0x000070000d16b000,0x000070000d26b000)]
  0x00007ff729006000 JavaThread "Service Thread" daemon [_thread_blocked, id=24067, stack(0x000070000cf65000,0x000070000d065000)]
  0x00007ff728802800 JavaThread "JDWP Command Reader" daemon [_thread_blocked, id=23811, stack(0x000070000ce62000,0x000070000cf62000)]
  0x00007ff729823000 JavaThread "JDWP Event Helper Thread" daemon [_thread_blocked, id=41987, stack(0x000070000cd5f000,0x000070000ce5f000)]
  0x00007ff728801800 JavaThread "JDWP Transport Listener: dt_socket" daemon [_thread_blocked, id=23559, stack(0x000070000cc5c000,0x000070000cd5c000)]
  0x00007ff729812000 JavaThread "Common-Cleaner" daemon [_thread_blocked, id=23043, stack(0x000070000cb59000,0x000070000cc59000)]
  0x00007ff7290d5800 JavaThread "Sweeper thread" daemon [_thread_blocked, id=22531, stack(0x000070000ca56000,0x000070000cb56000)]
  0x00007ff7290d1800 JavaThread "C1 CompilerThread2" daemon [_thread_blocked, id=42755, stack(0x000070000c953000,0x000070000ca53000)]
  0x00007ff728886000 JavaThread "C2 CompilerThread1" daemon [_thread_blocked, id=22275, stack(0x000070000c850000,0x000070000c950000)]
  0x00007ff728011000 JavaThread "C2 CompilerThread0" daemon [_thread_blocked, id=22019, stack(0x000070000c74d000,0x000070000c84d000)]
  0x00007ff72882b000 JavaThread "Signal Dispatcher" daemon [_thread_blocked, id=16391, stack(0x000070000c64a000,0x000070000c74a000)]
  0x00007ff728820000 JavaThread "Finalizer" daemon [_thread_blocked, id=17667, stack(0x000070000c4c4000,0x000070000c5c4000)]
  0x00007ff729804800 JavaThread "Reference Handler" daemon [_thread_blocked, id=18179, stack(0x000070000c3c1000,0x000070000c4c1000)]
  0x00007ff729007000 JavaThread "main" [_thread_blocked, id=9475, stack(0x000070000b69a000,0x000070000b79a000)]

Other Threads:
=>0x00007ff729803800 VMThread "VM Thread" [stack: 0x000070000c2be000,0x000070000c3be000] [id=18435]
  0x00007ff729863800 WatcherThread [stack: 0x000070000d068000,0x000070000d168000] [id=40963]
  0x00007ff728817000 GCTaskThread "GC Thread#0" [stack: 0x000070000b79d000,0x000070000b89d000] [id=10755]
  0x00007ff728817800 GCTaskThread "GC Thread#1" [stack: 0x000070000b8a0000,0x000070000b9a0000] [id=11011]
  0x00007ff728818000 GCTaskThread "GC Thread#2" [stack: 0x000070000b9a3000,0x000070000baa3000] [id=11523]
  0x00007ff728818800 GCTaskThread "GC Thread#3" [stack: 0x000070000baa6000,0x000070000bba6000] [id=21251]
  0x00007ff729034000 ConcurrentGCThread "G1 Main Marker" [stack: 0x000070000c0b8000,0x000070000c1b8000] [id=13059]
  0x00007ff729034800 ConcurrentGCThread "G1 Marker#0" [stack: 0x000070000c1bb000,0x000070000c2bb000] [id=13315]
  0x00007ff729802000 ConcurrentGCThread "G1 Refine#0" [stack: 0x000070000beb2000,0x000070000bfb2000] [id=19715]
  0x00007ff729801800 ConcurrentGCThread "G1 Refine#1" [stack: 0x000070000bdaf000,0x000070000beaf000] [id=20227]
  0x00007ff728819800 ConcurrentGCThread "G1 Refine#2" [stack: 0x000070000bcac000,0x000070000bdac000] [id=20739]
  0x00007ff729800800 ConcurrentGCThread "G1 Refine#3" [stack: 0x000070000bba9000,0x000070000bca9000] [id=20995]
  0x00007ff729803000 ConcurrentGCThread "G1 Young RemSet Sampling" [stack: 0x000070000bfb5000,0x000070000c0b5000] [id=12547]

Threads with active compile tasks:

VM state:at safepoint (normal execution)

VM Mutex/Monitor currently owned by a thread:  ([mutex/lock_event])
[0x00007ff727c163b0] Threads_lock - owner thread: 0x00007ff729803800

OutOfMemory and StackOverflow Exception counts:
StackOverflowErrors=1

Heap address: 0x0000000740000000, size: 2048 MB, Compressed Oops mode: Zero based, Oop shift amount: 3
Narrow klass base: 0x0000000000000000, Narrow klass shift: 3
Compressed class space size: 1073741824 Address: 0x00000007c0000000

Heap:
 garbage-first heap   total 131072K, used 15591K [0x0000000740000000, 0x0000000740100400, 0x00000007c0000000)
  region size 1024K, 12 young (12288K), 5 survivors (5120K)
 Metaspace       used 21965K, capacity 22846K, committed 22912K, reserved 1069056K
  class space    used 2475K, capacity 2659K, committed 2688K, reserved 1048576K
Heap Regions: E=young(eden), S=young(survivor), O=old, HS=humongous(starts), HC=humongous(continues), CS=collection set, F=free, A=archive, TS=gc time stamp, AC=allocation context, TAMS=top-at-mark-start (previous, next)
|   0|0x0000000740000000, 0x0000000740100000, 0x0000000740100000|100%| O|  |TS  0|AC  0|TAMS 0x0000000740100000, 0x0000000740100000|
|   1|0x0000000740100000, 0x0000000740200000, 0x0000000740200000|100%| O|  |TS  0|AC  0|TAMS 0x0000000740200000, 0x0000000740200000|
|   2|0x0000000740200000, 0x0000000740300000, 0x0000000740300000|100%| O|  |TS  0|AC  0|TAMS 0x0000000740300000, 0x0000000740300000|
|   3|0x0000000740300000, 0x0000000740400000, 0x0000000740400000|100%| O|  |TS  0|AC  0|TAMS 0x0000000740400000, 0x0000000740400000|
|   4|0x0000000740400000, 0x0000000740500000, 0x0000000740500000|100%| O|  |TS  0|AC  0|TAMS 0x0000000740500000, 0x0000000740500000|
|   5|0x0000000740500000, 0x0000000740500000, 0x0000000740600000|  0%| F|  |TS  0|AC  0|TAMS 0x0000000740500000, 0x0000000740500000|
|   6|0x0000000740600000, 0x0000000740600000, 0x0000000740700000|  0%| F|  |TS  0|AC  0|TAMS 0x0000000740600000, 0x0000000740600000|
|   7|0x0000000740700000, 0x0000000740700000, 0x0000000740800000|  0%| F|  |TS  0|AC  0|TAMS 0x0000000740700000, 0x0000000740700000|
|   8|0x0000000740800000, 0x0000000740800000, 0x0000000740900000|  0%| F|  |TS  0|AC  0|TAMS 0x0000000740800000, 0x0000000740800000|
|   9|0x0000000740900000, 0x0000000740900000, 0x0000000740a00000|  0%| F|  |TS  0|AC  0|TAMS 0x0000000740900000, 0x0000000740900000|
|  10|0x0000000740a00000, 0x0000000740a00000, 0x0000000740b00000|  0%| F|  |TS  0|AC  0|TAMS 0x0000000740a00000, 0x0000000740a00000|
|  11|0x0000000740b00000, 0x0000000740b00000, 0x0000000740c00000|  0%| F|  |TS  0|AC  0|TAMS 0x0000000740b00000, 0x0000000740b00000|
|  12|0x0000000740c00000, 0x0000000740c00000, 0x0000000740d00000|  0%| F|  |TS  0|AC  0|TAMS 0x0000000740c00000, 0x0000000740c00000|
|  13|0x0000000740d00000, 0x0000000740d00000, 0x0000000740e00000|  0%| F|  |TS  0|AC  0|TAMS 0x0000000740d00000, 0x0000000740d00000|
|  14|0x0000000740e00000, 0x0000000740e00000, 0x0000000740f00000|  0%| F|  |TS  0|AC  0|TAMS 0x0000000740e00000, 0x0000000740e00000|
|  15|0x0000000740f00000, 0x0000000740f00000, 0x0000000741000000|  0%| F|  |TS  0|AC  0|TAMS 0x0000000740f00000, 0x0000000740f00000|
|  16|0x0000000741000000, 0x0000000741000000, 0x0000000741100000|  0%| F|  |TS  0|AC  0|TAMS 0x0000000741000000, 0x0000000741000000|
|  17|0x0000000741100000, 0x0000000741100000, 0x0000000741200000|  0%| F|  |TS  0|AC  0|TAMS 0x0000000741100000, 0x0000000741100000|
|  18|0x0000000741200000, 0x0000000741200000, 0x0000000741300000|  0%| F|  |TS  0|AC  0|TAMS 0x0000000741200000, 0x0000000741200000|
|  19|0x0000000741300000, 0x0000000741300000, 0x0000000741400000|  0%| F|  |TS  0|AC  0|TAMS 0x0000000741300000, 0x0000000741300000|
|  20|0x0000000741400000, 0x0000000741400000, 0x0000000741500000|  0%| F|  |TS  0|AC  0|TAMS 0x0000000741400000, 0x0000000741400000|
|  21|0x0000000741500000, 0x0000000741500000, 0x0000000741600000|  0%| F|  |TS  0|AC  0|TAMS 0x0000000741500000, 0x0000000741500000|
|  22|0x0000000741600000, 0x0000000741600000, 0x0000000741700000|  0%| F|  |TS  0|AC  0|TAMS 0x0000000741600000, 0x0000000741600000|
|  23|0x0000000741700000, 0x0000000741700000, 0x0000000741800000|  0%| F|  |TS  0|AC  0|TAMS 0x0000000741700000, 0x0000000741700000|
|  24|0x0000000741800000, 0x0000000741800000, 0x0000000741900000|  0%| F|  |TS  0|AC  0|TAMS 0x0000000741800000, 0x0000000741800000|
|  25|0x0000000741900000, 0x0000000741900000, 0x0000000741a00000|  0%| F|  |TS  0|AC  0|TAMS 0x0000000741900000, 0x0000000741900000|
|  26|0x0000000741a00000, 0x0000000741a00000, 0x0000000741b00000|  0%| F|  |TS  0|AC  0|TAMS 0x0000000741a00000, 0x0000000741a00000|
|  27|0x0000000741b00000, 0x0000000741b00000, 0x0000000741c00000|  0%| F|  |TS  0|AC  0|TAMS 0x0000000741b00000, 0x0000000741b00000|
|  28|0x0000000741c00000, 0x0000000741c00000, 0x0000000741d00000|  0%| F|  |TS  0|AC  0|TAMS 0x0000000741c00000, 0x0000000741c00000|
|  29|0x0000000741d00000, 0x0000000741d00000, 0x0000000741e00000|  0%| F|  |TS  0|AC  0|TAMS 0x0000000741d00000, 0x0000000741d00000|
|  30|0x0000000741e00000, 0x0000000741e00000, 0x0000000741f00000|  0%| F|  |TS  0|AC  0|TAMS 0x0000000741e00000, 0x0000000741e00000|
|  31|0x0000000741f00000, 0x0000000741f00000, 0x0000000742000000|  0%| F|  |TS  0|AC  0|TAMS 0x0000000741f00000, 0x0000000741f00000|
|  32|0x0000000742000000, 0x0000000742000000, 0x0000000742100000|  0%| F|  |TS  0|AC  0|TAMS 0x0000000742000000, 0x0000000742000000|
|  33|0x0000000742100000, 0x0000000742100000, 0x0000000742200000|  0%| F|  |TS  0|AC  0|TAMS 0x0000000742100000, 0x0000000742100000|
|  34|0x0000000742200000, 0x0000000742200000, 0x0000000742300000|  0%| F|  |TS  0|AC  0|TAMS 0x0000000742200000, 0x0000000742200000|
|  35|0x0000000742300000, 0x0000000742300000, 0x0000000742400000|  0%| F|  |TS  0|AC  0|TAMS 0x0000000742300000, 0x0000000742300000|
|  36|0x0000000742400000, 0x0000000742400000, 0x0000000742500000|  0%| F|  |TS  0|AC  0|TAMS 0x0000000742400000, 0x0000000742400000|
|  37|0x0000000742500000, 0x0000000742500000, 0x0000000742600000|  0%| F|  |TS  0|AC  0|TAMS 0x0000000742500000, 0x0000000742500000|
|  38|0x0000000742600000, 0x0000000742600000, 0x0000000742700000|  0%| F|  |TS  0|AC  0|TAMS 0x0000000742600000, 0x0000000742600000|
|  39|0x0000000742700000, 0x0000000742700000, 0x0000000742800000|  0%| F|  |TS  0|AC  0|TAMS 0x0000000742700000, 0x0000000742700000|
|  40|0x0000000742800000, 0x0000000742800000, 0x0000000742900000|  0%| F|  |TS  0|AC  0|TAMS 0x0000000742800000, 0x0000000742800000|
|  41|0x0000000742900000, 0x0000000742900000, 0x0000000742a00000|  0%| F|  |TS  0|AC  0|TAMS 0x0000000742900000, 0x0000000742900000|
|  42|0x0000000742a00000, 0x0000000742a00000, 0x0000000742b00000|  0%| F|  |TS  0|AC  0|TAMS 0x0000000742a00000, 0x0000000742a00000|
|  43|0x0000000742b00000, 0x0000000742b00000, 0x0000000742c00000|  0%| F|  |TS  0|AC  0|TAMS 0x0000000742b00000, 0x0000000742b00000|
|  44|0x0000000742c00000, 0x0000000742c00000, 0x0000000742d00000|  0%| F|  |TS  0|AC  0|TAMS 0x0000000742c00000, 0x0000000742c00000|
|  45|0x0000000742d00000, 0x0000000742d00000, 0x0000000742e00000|  0%| F|  |TS  0|AC  0|TAMS 0x0000000742d00000, 0x0000000742d00000|
|  46|0x0000000742e00000, 0x0000000742e00000, 0x0000000742f00000|  0%| F|  |TS  0|AC  0|TAMS 0x0000000742e00000, 0x0000000742e00000|
|  47|0x0000000742f00000, 0x0000000742f00000, 0x0000000743000000|  0%| F|  |TS  0|AC  0|TAMS 0x0000000742f00000, 0x0000000742f00000|
|  48|0x0000000743000000, 0x0000000743000000, 0x0000000743100000|  0%| F|  |TS  0|AC  0|TAMS 0x0000000743000000, 0x0000000743000000|
|  49|0x0000000743100000, 0x0000000743100000, 0x0000000743200000|  0%| F|  |TS  0|AC  0|TAMS 0x0000000743100000, 0x0000000743100000|
|  50|0x0000000743200000, 0x0000000743200000, 0x0000000743300000|  0%| F|  |TS  0|AC  0|TAMS 0x0000000743200000, 0x0000000743200000|
|  51|0x0000000743300000, 0x0000000743300000, 0x0000000743400000|  0%| F|  |TS  0|AC  0|TAMS 0x0000000743300000, 0x0000000743300000|
|  52|0x0000000743400000, 0x0000000743400000, 0x0000000743500000|  0%| F|  |TS  0|AC  0|TAMS 0x0000000743400000, 0x0000000743400000|
|  53|0x0000000743500000, 0x0000000743500000, 0x0000000743600000|  0%| F|  |TS  0|AC  0|TAMS 0x0000000743500000, 0x0000000743500000|
|  54|0x0000000743600000, 0x0000000743600000, 0x0000000743700000|  0%| F|  |TS  0|AC  0|TAMS 0x0000000743600000, 0x0000000743600000|
|  55|0x0000000743700000, 0x0000000743700000, 0x0000000743800000|  0%| F|  |TS  0|AC  0|TAMS 0x0000000743700000, 0x0000000743700000|
|  56|0x0000000743800000, 0x0000000743800000, 0x0000000743900000|  0%| F|  |TS  0|AC  0|TAMS 0x0000000743800000, 0x0000000743800000|
|  57|0x0000000743900000, 0x0000000743900000, 0x0000000743a00000|  0%| F|  |TS  0|AC  0|TAMS 0x0000000743900000, 0x0000000743900000|
|  58|0x0000000743a00000, 0x0000000743a00000, 0x0000000743b00000|  0%| F|  |TS  0|AC  0|TAMS 0x0000000743a00000, 0x0000000743a00000|
|  59|0x0000000743b00000, 0x0000000743b00000, 0x0000000743c00000|  0%| F|  |TS  0|AC  0|TAMS 0x0000000743b00000, 0x0000000743b00000|
|  60|0x0000000743c00000, 0x0000000743c00000, 0x0000000743d00000|  0%| F|  |TS  0|AC  0|TAMS 0x0000000743c00000, 0x0000000743c00000|
|  61|0x0000000743d00000, 0x0000000743d00000, 0x0000000743e00000|  0%| F|  |TS  0|AC  0|TAMS 0x0000000743d00000, 0x0000000743d00000|
|  62|0x0000000743e00000, 0x0000000743e00000, 0x0000000743f00000|  0%| F|  |TS  0|AC  0|TAMS 0x0000000743e00000, 0x0000000743e00000|
|  63|0x0000000743f00000, 0x0000000743f00000, 0x0000000744000000|  0%| F|  |TS  0|AC  0|TAMS 0x0000000743f00000, 0x0000000743f00000|
|  64|0x0000000744000000, 0x0000000744000000, 0x0000000744100000|  0%| F|  |TS  0|AC  0|TAMS 0x0000000744000000, 0x0000000744000000|
|  65|0x0000000744100000, 0x0000000744100000, 0x0000000744200000|  0%| F|  |TS  0|AC  0|TAMS 0x0000000744100000, 0x0000000744100000|
|  66|0x0000000744200000, 0x0000000744200000, 0x0000000744300000|  0%| F|  |TS  0|AC  0|TAMS 0x0000000744200000, 0x0000000744200000|
|  67|0x0000000744300000, 0x0000000744300000, 0x0000000744400000|  0%| F|  |TS  0|AC  0|TAMS 0x0000000744300000, 0x0000000744300000|
|  68|0x0000000744400000, 0x0000000744400000, 0x0000000744500000|  0%| F|  |TS  0|AC  0|TAMS 0x0000000744400000, 0x0000000744400000|
|  69|0x0000000744500000, 0x0000000744500000, 0x0000000744600000|  0%| F|  |TS  0|AC  0|TAMS 0x0000000744500000, 0x0000000744500000|
|  70|0x0000000744600000, 0x0000000744600000, 0x0000000744700000|  0%| F|  |TS  0|AC  0|TAMS 0x0000000744600000, 0x0000000744600000|
|  71|0x0000000744700000, 0x0000000744700000, 0x0000000744800000|  0%| F|  |TS  0|AC  0|TAMS 0x0000000744700000, 0x0000000744700000|
|  72|0x0000000744800000, 0x0000000744800000, 0x0000000744900000|  0%| F|  |TS  0|AC  0|TAMS 0x0000000744800000, 0x0000000744800000|
|  73|0x0000000744900000, 0x0000000744900000, 0x0000000744a00000|  0%| F|  |TS  0|AC  0|TAMS 0x0000000744900000, 0x0000000744900000|
|  74|0x0000000744a00000, 0x0000000744a00000, 0x0000000744b00000|  0%| F|  |TS  0|AC  0|TAMS 0x0000000744a00000, 0x0000000744a00000|
|  75|0x0000000744b00000, 0x0000000744b00000, 0x0000000744c00000|  0%| F|  |TS  0|AC  0|TAMS 0x0000000744b00000, 0x0000000744b00000|
|  76|0x0000000744c00000, 0x0000000744c00000, 0x0000000744d00000|  0%| F|  |TS  0|AC  0|TAMS 0x0000000744c00000, 0x0000000744c00000|
|  77|0x0000000744d00000, 0x0000000744d00000, 0x0000000744e00000|  0%| F|  |TS  0|AC  0|TAMS 0x0000000744d00000, 0x0000000744d00000|
|  78|0x0000000744e00000, 0x0000000744e00000, 0x0000000744f00000|  0%| F|  |TS  0|AC  0|TAMS 0x0000000744e00000, 0x0000000744e00000|
|  79|0x0000000744f00000, 0x0000000744f00000, 0x0000000745000000|  0%| F|  |TS  0|AC  0|TAMS 0x0000000744f00000, 0x0000000744f00000|
|  80|0x0000000745000000, 0x0000000745000000, 0x0000000745100000|  0%| F|  |TS  0|AC  0|TAMS 0x0000000745000000, 0x0000000745000000|
|  81|0x0000000745100000, 0x0000000745100000, 0x0000000745200000|  0%| F|  |TS  0|AC  0|TAMS 0x0000000745100000, 0x0000000745100000|
|  82|0x0000000745200000, 0x0000000745200000, 0x0000000745300000|  0%| F|  |TS  0|AC  0|TAMS 0x0000000745200000, 0x0000000745200000|
|  83|0x0000000745300000, 0x0000000745300000, 0x0000000745400000|  0%| F|  |TS  0|AC  0|TAMS 0x0000000745300000, 0x0000000745300000|
|  84|0x0000000745400000, 0x0000000745400000, 0x0000000745500000|  0%| F|  |TS  0|AC  0|TAMS 0x0000000745400000, 0x0000000745400000|
|  85|0x0000000745500000, 0x0000000745500000, 0x0000000745600000|  0%| F|  |TS  0|AC  0|TAMS 0x0000000745500000, 0x0000000745500000|
|  86|0x0000000745600000, 0x0000000745600000, 0x0000000745700000|  0%| F|  |TS  0|AC  0|TAMS 0x0000000745600000, 0x0000000745600000|
|  87|0x0000000745700000, 0x0000000745700000, 0x0000000745800000|  0%| F|  |TS  0|AC  0|TAMS 0x0000000745700000, 0x0000000745700000|
|  88|0x0000000745800000, 0x0000000745800000, 0x0000000745900000|  0%| F|  |TS  0|AC  0|TAMS 0x0000000745800000, 0x0000000745800000|
|  89|0x0000000745900000, 0x0000000745900000, 0x0000000745a00000|  0%| F|  |TS  0|AC  0|TAMS 0x0000000745900000, 0x0000000745900000|
|  90|0x0000000745a00000, 0x0000000745a00000, 0x0000000745b00000|  0%| F|  |TS  0|AC  0|TAMS 0x0000000745a00000, 0x0000000745a00000|
|  91|0x0000000745b00000, 0x0000000745b00000, 0x0000000745c00000|  0%| F|  |TS  0|AC  0|TAMS 0x0000000745b00000, 0x0000000745b00000|
|  92|0x0000000745c00000, 0x0000000745c00000, 0x0000000745d00000|  0%| F|  |TS  0|AC  0|TAMS 0x0000000745c00000, 0x0000000745c00000|
|  93|0x0000000745d00000, 0x0000000745d00000, 0x0000000745e00000|  0%| F|  |TS  0|AC  0|TAMS 0x0000000745d00000, 0x0000000745d00000|
|  94|0x0000000745e00000, 0x0000000745e00000, 0x0000000745f00000|  0%| F|  |TS  0|AC  0|TAMS 0x0000000745e00000, 0x0000000745e00000|
|  95|0x0000000745f00000, 0x0000000745f00000, 0x0000000746000000|  0%| F|  |TS  0|AC  0|TAMS 0x0000000745f00000, 0x0000000745f00000|
|  96|0x0000000746000000, 0x0000000746000000, 0x0000000746100000|  0%| F|  |TS  0|AC  0|TAMS 0x0000000746000000, 0x0000000746000000|
|  97|0x0000000746100000, 0x0000000746100000, 0x0000000746200000|  0%| F|  |TS  0|AC  0|TAMS 0x0000000746100000, 0x0000000746100000|
|  98|0x0000000746200000, 0x0000000746200000, 0x0000000746300000|  0%| F|  |TS  0|AC  0|TAMS 0x0000000746200000, 0x0000000746200000|
|  99|0x0000000746300000, 0x0000000746300000, 0x0000000746400000|  0%| F|  |TS  0|AC  0|TAMS 0x0000000746300000, 0x0000000746300000|
| 100|0x0000000746400000, 0x0000000746400000, 0x0000000746500000|  0%| F|  |TS  0|AC  0|TAMS 0x0000000746400000, 0x0000000746400000|
| 101|0x0000000746500000, 0x0000000746500000, 0x0000000746600000|  0%| F|  |TS  0|AC  0|TAMS 0x0000000746500000, 0x0000000746500000|
| 102|0x0000000746600000, 0x0000000746600000, 0x0000000746700000|  0%| F|  |TS  0|AC  0|TAMS 0x0000000746600000, 0x0000000746600000|
| 103|0x0000000746700000, 0x0000000746700000, 0x0000000746800000|  0%| F|  |TS  0|AC  0|TAMS 0x0000000746700000, 0x0000000746700000|
| 104|0x0000000746800000, 0x0000000746800000, 0x0000000746900000|  0%| F|  |TS  0|AC  0|TAMS 0x0000000746800000, 0x0000000746800000|
| 105|0x0000000746900000, 0x0000000746900000, 0x0000000746a00000|  0%| F|  |TS  0|AC  0|TAMS 0x0000000746900000, 0x0000000746900000|
| 106|0x0000000746a00000, 0x0000000746a00000, 0x0000000746b00000|  0%| F|  |TS  0|AC  0|TAMS 0x0000000746a00000, 0x0000000746a00000|
| 107|0x0000000746b00000, 0x0000000746b00000, 0x0000000746c00000|  0%| F|  |TS  0|AC  0|TAMS 0x0000000746b00000, 0x0000000746b00000|
| 108|0x0000000746c00000, 0x0000000746c00000, 0x0000000746d00000|  0%| F|  |TS  0|AC  0|TAMS 0x0000000746c00000, 0x0000000746c00000|
| 109|0x0000000746d00000, 0x0000000746d00000, 0x0000000746e00000|  0%| F|  |TS  0|AC  0|TAMS 0x0000000746d00000, 0x0000000746d00000|
| 110|0x0000000746e00000, 0x0000000746e00000, 0x0000000746f00000|  0%| F|  |TS  0|AC  0|TAMS 0x0000000746e00000, 0x0000000746e00000|
| 111|0x0000000746f00000, 0x0000000746f00000, 0x0000000747000000|  0%| F|  |TS  0|AC  0|TAMS 0x0000000746f00000, 0x0000000746f00000|
| 112|0x0000000747000000, 0x0000000747000000, 0x0000000747100000|  0%| F|  |TS  0|AC  0|TAMS 0x0000000747000000, 0x0000000747000000|
| 113|0x0000000747100000, 0x0000000747139fb0, 0x0000000747200000| 22%| S|CS|TS  0|AC  0|TAMS 0x0000000747100000, 0x0000000747100000|
| 114|0x0000000747200000, 0x0000000747300000, 0x0000000747300000|100%| S|CS|TS  0|AC  0|TAMS 0x0000000747200000, 0x0000000747200000|
| 115|0x0000000747300000, 0x0000000747400000, 0x0000000747400000|100%| S|CS|TS  0|AC  0|TAMS 0x0000000747300000, 0x0000000747300000|
| 116|0x0000000747400000, 0x0000000747500000, 0x0000000747500000|100%| S|CS|TS  0|AC  0|TAMS 0x0000000747400000, 0x0000000747400000|
| 117|0x0000000747500000, 0x0000000747600000, 0x0000000747600000|100%| S|CS|TS  0|AC  0|TAMS 0x0000000747500000, 0x0000000747500000|
| 118|0x0000000747600000, 0x0000000747600000, 0x0000000747700000|  0%| F|  |TS  0|AC  0|TAMS 0x0000000747600000, 0x0000000747600000|
| 119|0x0000000747700000, 0x0000000747700000, 0x0000000747800000|  0%| F|  |TS  0|AC  0|TAMS 0x0000000747700000, 0x0000000747700000|
| 120|0x0000000747800000, 0x0000000747800000, 0x0000000747900000|  0%| F|  |TS  0|AC  0|TAMS 0x0000000747800000, 0x0000000747800000|
| 121|0x0000000747900000, 0x00000007479000c8, 0x0000000747a00000|  0%| E|  |TS  0|AC  0|TAMS 0x0000000747900000, 0x0000000747900000|
| 122|0x0000000747a00000, 0x0000000747b00000, 0x0000000747b00000|100%| E|CS|TS  0|AC  0|TAMS 0x0000000747a00000, 0x0000000747a00000|
| 123|0x0000000747b00000, 0x0000000747c00000, 0x0000000747c00000|100%| E|CS|TS  0|AC  0|TAMS 0x0000000747b00000, 0x0000000747b00000|
| 124|0x0000000747c00000, 0x0000000747d00000, 0x0000000747d00000|100%| E|CS|TS  0|AC  0|TAMS 0x0000000747c00000, 0x0000000747c00000|
| 125|0x0000000747d00000, 0x0000000747e00000, 0x0000000747e00000|100%| E|CS|TS  0|AC  0|TAMS 0x0000000747d00000, 0x0000000747d00000|
| 126|0x0000000747e00000, 0x0000000747f00000, 0x0000000747f00000|100%| E|CS|TS  0|AC  0|TAMS 0x0000000747e00000, 0x0000000747e00000|
| 127|0x0000000747f00000, 0x0000000748000000, 0x0000000748000000|100%| E|CS|TS  0|AC  0|TAMS 0x0000000747f00000, 0x0000000747f00000|

Card table byte_map: [0x00000001237f8000,0x0000000123bf8000] byte_map_base: 0x000000011fdf8000

Marking Bits (Prev, Next): (CMBitMap*) 0x00007ff7290334a8, (CMBitMap*) 0x00007ff729033470
 Prev Bits: [0x0000000125ff8000, 0x0000000127ff8000)
 Next Bits: [0x0000000123ff8000, 0x0000000125ff8000)

Polling page: 0x0000000107c37000

CodeHeap 'non-profiled nmethods': size=120032Kb used=741Kb max_used=741Kb free=119290Kb
 bounds [0x000000011bac0000, 0x000000011bd30000, 0x0000000122ff8000]
CodeHeap 'profiled nmethods': size=120032Kb used=3720Kb max_used=3720Kb free=116311Kb
 bounds [0x0000000114588000, 0x0000000114938000, 0x000000011bac0000]
CodeHeap 'non-nmethods': size=5696Kb used=1261Kb max_used=1276Kb free=4434Kb
 bounds [0x0000000113ff8000, 0x0000000114268000, 0x0000000114588000]
 total_blobs=2592 nmethods=1752 adapters=379
 compilation: enabled

Compilation events (10 events):
Event: 19.336 Thread 0x00007ff7290d1800 nmethod 1748 0x0000000114922d10 code [0x0000000114922ee0, 0x0000000114923308]
Event: 19.337 Thread 0x00007ff7290d1800 1749       1       org.testng.shaded.com.google.gson.reflect.TypeToken::getType (5 bytes)
Event: 19.338 Thread 0x00007ff7290d1800 nmethod 1749 0x000000011bb78910 code [0x000000011bb78ac0, 0x000000011bb78bd0]
Event: 19.338 Thread 0x00007ff728011000 nmethod 1743 0x000000011bb78c90 code [0x000000011bb78e60, 0x000000011bb79348]
Event: 19.338 Thread 0x00007ff7290d1800 1750       3       sun.nio.cs.UTF_8$Encoder::encodeArrayLoop (489 bytes)
Event: 19.342 Thread 0x00007ff7290d1800 nmethod 1750 0x0000000114923490 code [0x0000000114923b20, 0x0000000114927948]
Event: 19.342 Thread 0x00007ff7290d1800 1751       3       java.util.HashSet::remove (20 bytes)
Event: 19.342 Thread 0x00007ff7290d1800 nmethod 1751 0x0000000114928d90 code [0x0000000114928f80, 0x0000000114929518]
Event: 19.342 Thread 0x00007ff7290d1800 1752       3       java.lang.Class::privateGetDeclaredMethods (64 bytes)
Event: 19.343 Thread 0x00007ff7290d1800 nmethod 1752 0x0000000114929710 code [0x0000000114929940, 0x000000011492a118]

GC Heap History (8 events):
Event: 1.291 GC heap before
{Heap before GC invocations=0 (full 0):
 garbage-first heap   total 131072K, used 14336K [0x0000000740000000, 0x0000000740100400, 0x00000007c0000000)
  region size 1024K, 14 young (14336K), 0 survivors (0K)
 Metaspace       used 12431K, capacity 12816K, committed 12928K, reserved 1060864K
  class space    used 1225K, capacity 1296K, committed 1408K, reserved 1048576K
}
Event: 1.302 GC heap after
{Heap after GC invocations=1 (full 0):
 garbage-first heap   total 131072K, used 4963K [0x0000000740000000, 0x0000000740100400, 0x00000007c0000000)
  region size 1024K, 2 young (2048K), 2 survivors (2048K)
 Metaspace       used 12431K, capacity 12816K, committed 12928K, reserved 1060864K
  class space    used 1225K, capacity 1296K, committed 1408K, reserved 1048576K
}
Event: 1.603 GC heap before
{Heap before GC invocations=1 (full 0):
 garbage-first heap   total 131072K, used 10083K [0x0000000740000000, 0x0000000740100400, 0x00000007c0000000)
  region size 1024K, 7 young (7168K), 2 survivors (2048K)
 Metaspace       used 14061K, capacity 14484K, committed 14592K, reserved 1062912K
  class space    used 1434K, capacity 1506K, committed 1536K, reserved 1048576K
}
Event: 1.607 GC heap after
{Heap after GC invocations=2 (full 0):
 garbage-first heap   total 131072K, used 5938K [0x0000000740000000, 0x0000000740100400, 0x00000007c0000000)
  region size 1024K, 1 young (1024K), 1 survivors (1024K)
 Metaspace       used 14061K, capacity 14484K, committed 14592K, reserved 1062912K
  class space    used 1434K, capacity 1506K, committed 1536K, reserved 1048576K
}
Event: 2.359 GC heap before
{Heap before GC invocations=2 (full 0):
 garbage-first heap   total 131072K, used 25394K [0x0000000740000000, 0x0000000740100400, 0x00000007c0000000)
  region size 1024K, 20 young (20480K), 1 survivors (1024K)
 Metaspace       used 18468K, capacity 19008K, committed 19328K, reserved 1067008K
  class space    used 1986K, capacity 2104K, committed 2176K, reserved 1048576K
}
Event: 2.366 GC heap after
{Heap after GC invocations=3 (full 0):
 garbage-first heap   total 131072K, used 9208K [0x0000000740000000, 0x0000000740100400, 0x00000007c0000000)
  region size 1024K, 3 young (3072K), 3 survivors (3072K)
 Metaspace       used 18468K, capacity 19008K, committed 19328K, reserved 1067008K
  class space    used 1986K, capacity 2104K, committed 2176K, reserved 1048576K
}
Event: 2.752 GC heap before
{Heap before GC invocations=3 (full 0):
 garbage-first heap   total 131072K, used 18424K [0x0000000740000000, 0x0000000740100400, 0x00000007c0000000)
  region size 1024K, 13 young (13312K), 3 survivors (3072K)
 Metaspace       used 20406K, capacity 21076K, committed 21248K, reserved 1069056K
  class space    used 2290K, capacity 2436K, committed 2560K, reserved 1048576K
}
Event: 2.757 GC heap after
{Heap after GC invocations=4 (full 0):
 garbage-first heap   total 131072K, used 10463K [0x0000000740000000, 0x0000000740100400, 0x00000007c0000000)
  region size 1024K, 5 young (5120K), 5 survivors (5120K)
 Metaspace       used 20406K, capacity 21076K, committed 21248K, reserved 1069056K
  class space    used 2290K, capacity 2436K, committed 2560K, reserved 1048576K
}

Deoptimization events (10 events):
Event: 1.663 Thread 0x00007ff729007000 Uncommon trap: reason=unstable_if action=reinterpret pc=0x000000011baefa30 method=java.util.HashMap.putVal(ILjava/lang/Object;Ljava/lang/Object;ZZ)Ljava/lang/Object; @ 162 c2
Event: 1.956 Thread 0x00007ff729007000 Uncommon trap: reason=unstable_if action=reinterpret pc=0x000000011badce70 method=java.lang.String.startsWith(Ljava/lang/String;I)Z @ 46 c2
Event: 1.956 Thread 0x00007ff729007000 Uncommon trap: reason=unstable_if action=reinterpret pc=0x000000011bb0c72c method=java.lang.String.startsWith(Ljava/lang/String;I)Z @ 46 c2
Event: 1.970 Thread 0x00007ff729007000 Uncommon trap: reason=unstable_if action=reinterpret pc=0x000000011bb2d500 method=java.lang.String.startsWith(Ljava/lang/String;I)Z @ 131 c2
Event: 1.974 Thread 0x00007ff729007000 Uncommon trap: reason=unstable_if action=reinterpret pc=0x000000011bb2da74 method=java.lang.String.startsWith(Ljava/lang/String;I)Z @ 131 c2
Event: 1.980 Thread 0x00007ff729007000 Uncommon trap: reason=unstable_if action=reinterpret pc=0x000000011bac700c method=java.lang.String.hashCode()I @ 22 c2
Event: 2.200 Thread 0x00007ff729007000 Uncommon trap: reason=unstable_if action=reinterpret pc=0x000000011bb2a5c0 method=java.io.ByteArrayInputStream.read([BII)I @ 63 c2
Event: 2.280 Thread 0x00007ff729b94800 Uncommon trap: reason=unstable_if action=reinterpret pc=0x000000011bb14140 method=java.lang.CharacterDataLatin1.digit(II)I @ 82 c2
Event: 2.803 Thread 0x00007ff729007000 Uncommon trap: reason=unstable_if action=reinterpret pc=0x000000011bb14610 method=java.lang.CharacterDataLatin1.digit(II)I @ 82 c2
Event: 2.805 Thread 0x00007ff729007000 Uncommon trap: reason=unstable_if action=reinterpret pc=0x000000011bb36804 method=java.util.concurrent.ConcurrentHashMap.putVal(Ljava/lang/Object;Ljava/lang/Object;Z)Ljava/lang/Object; @ 231 c2

Classes redefined (3 events):
Event: 1247.242 Thread 0x00007ff729803800 redefined class name=CodeChallenge.WebChallenge.WebChallenge, count=1
Event: 1640.789 Thread 0x00007ff729803800 redefined class name=CodeChallenge.WebChallenge.WebChallenge, count=2
Event: 1664.450 Thread 0x00007ff729803800 redefined class name=CodeChallenge.WebChallenge.WebChallenge, count=3

Internal exceptions (10 events):
Event: 2.539 Thread 0x00007ff729007000 Exception <a 'java/lang/NoSuchMethodError'{0x0000000747c36de8}: method resolution failed> (0x0000000747c36de8) thrown at [/scratch/mesos/slaves/5af44a71-976a-41b7-81de-5773b84ec572-S38393/frameworks/1735e8a2-a1db-478c-8104-60c8b0af87dd-0196/executors/8b85
Event: 2.542 Thread 0x00007ff729007000 Exception <a 'java/lang/NoSuchMethodError'{0x0000000747c458e8}: java.lang.invoke.DirectMethodHandle$Holder.invokeInterface(Ljava/lang/Object;Ljava/lang/Object;Ljava/lang/Object;)V> (0x0000000747c458e8) thrown at [/scratch/mesos/slaves/5af44a71-976a-41b7-8
Event: 2.549 Thread 0x00007ff729007000 Exception <a 'java/lang/NoSuchMethodError'{0x0000000747c58a38}: method resolution failed> (0x0000000747c58a38) thrown at [/scratch/mesos/slaves/5af44a71-976a-41b7-81de-5773b84ec572-S38393/frameworks/1735e8a2-a1db-478c-8104-60c8b0af87dd-0196/executors/8b85
Event: 3.661 Thread 0x00007ff729007000 Exception <a 'java/lang/NoSuchMethodError'{0x0000000747e1cd50}: method resolution failed> (0x0000000747e1cd50) thrown at [/scratch/mesos/slaves/5af44a71-976a-41b7-81de-5773b84ec572-S38393/frameworks/1735e8a2-a1db-478c-8104-60c8b0af87dd-0196/executors/8b85
Event: 3.667 Thread 0x00007ff729007000 Exception <a 'java/lang/NoSuchMethodError'{0x0000000747e2c840}: java.lang.invoke.DirectMethodHandle$Holder.invokeStatic(Ljava/lang/Object;Ljava/lang/Object;Ljava/lang/Object;Ljava/lang/Object;)V> (0x0000000747e2c840) thrown at [/scratch/mesos/slaves/5af44
Event: 3.798 Thread 0x00007ff729007000 Exception <a 'java/lang/ClassNotFoundException'{0x0000000747daef28}: sun/util/logging/resources/spi/loggingProvider> (0x0000000747daef28) thrown at [/scratch/mesos/slaves/5af44a71-976a-41b7-81de-5773b84ec572-S38393/frameworks/1735e8a2-a1db-478c-8104-60c8b
Event: 19.297 Thread 0x00007ff729007000 Exception <a 'java/lang/NoSuchMethodError'{0x0000000747b73310}: java.lang.invoke.DirectMethodHandle$Holder.invokeVirtual(Ljava/lang/Object;Ljava/lang/Object;)I> (0x0000000747b73310) thrown at [/scratch/mesos/slaves/5af44a71-976a-41b7-81de-5773b84ec572-S38
Event: 19.317 Thread 0x00007ff729007000 Exception <a 'java/lang/ClassNotFoundException'{0x0000000747be4930}: sun/misc/SharedSecrets> (0x0000000747be4930) thrown at [/scratch/mesos/slaves/5af44a71-976a-41b7-81de-5773b84ec572-S38393/frameworks/1735e8a2-a1db-478c-8104-60c8b0af87dd-0196/executors/8
Event: 19.318 Thread 0x00007ff729007000 Exception <a 'java/lang/NoSuchMethodError'{0x0000000747be8590}: java.lang.Object.lambda$comparing$77a9974f$1(Ljava/util/function/Function;Ljava/lang/Object;Ljava/lang/Object;)I> (0x0000000747be8590) thrown at [/scratch/mesos/slaves/5af44a71-976a-41b7-81de
Event: 19.325 Thread 0x00007ff729007000 Exception <a 'java/lang/reflect/InvocationTargetException'{0x0000000747a3bda0}> (0x0000000747a3bda0) thrown at [/scratch/mesos/slaves/5af44a71-976a-41b7-81de-5773b84ec572-S38393/frameworks/1735e8a2-a1db-478c-8104-60c8b0af87dd-0196/executors/8b855640-c399-

Events (10 events):
Event: 1664.468 Executing VM operation: GetFrameLocation done
Event: 1664.495 Executing VM operation: GetFrameCount
Event: 1664.495 Executing VM operation: GetFrameCount done
Event: 1664.496 Executing VM operation: GetOwnedMonitorInfo
Event: 1664.496 Executing VM operation: GetOwnedMonitorInfo done
Event: 1664.496 Executing VM operation: GetCurrentContendedMonitor
Event: 1664.496 Executing VM operation: GetCurrentContendedMonitor done
Event: 1684.927 Executing VM operation: GetFrameLocation
Event: 1684.927 Executing VM operation: GetFrameLocation done
Event: 1684.927 Executing VM operation: GetOrSetLocal


Dynamic libraries:
0x00007fff3ad85000 	/System/Library/Frameworks/Cocoa.framework/Versions/A/Cocoa
0x00007fff470f9000 	/System/Library/Frameworks/Security.framework/Versions/A/Security
0x00007fff399f4000 	/System/Library/Frameworks/ApplicationServices.framework/Versions/A/ApplicationServices
0x00007fff62bdb000 	/usr/lib/libz.1.dylib
0x00007fff60bef000 	/usr/lib/libSystem.B.dylib
0x00007fff3b51f000 	/System/Library/Frameworks/CoreFoundation.framework/Versions/A/CoreFoundation
0x00007fff3d663000 	/System/Library/Frameworks/Foundation.framework/Versions/C/Foundation
0x00007fff621f0000 	/usr/lib/libobjc.A.dylib
0x00007fff38b45000 	/System/Library/Frameworks/AppKit.framework/Versions/C/AppKit
0x00007fff3b0fd000 	/System/Library/Frameworks/CoreData.framework/Versions/A/CoreData
0x00007fff5a636000 	/System/Library/PrivateFrameworks/RemoteViewServices.framework/Versions/A/RemoteViewServices
0x00007fff5ec85000 	/System/Library/PrivateFrameworks/UIFoundation.framework/Versions/A/UIFoundation
0x00007fff4f69d000 	/System/Library/PrivateFrameworks/DFRFoundation.framework/Versions/A/DFRFoundation
0x00007fff3fae3000 	/System/Library/Frameworks/Metal.framework/Versions/A/Metal
0x00007fff4f83e000 	/System/Library/PrivateFrameworks/DesktopServicesPriv.framework/Versions/A/DesktopServicesPriv
0x00007fff617f2000 	/usr/lib/libenergytrace.dylib
0x00007fff5cdaa000 	/System/Library/PrivateFrameworks/SkyLight.framework/Versions/A/SkyLight
0x00007fff3b9c1000 	/System/Library/Frameworks/CoreGraphics.framework/Versions/A/CoreGraphics
0x00007fff60bea000 	/usr/lib/libScreenReader.dylib
0x00007fff37b06000 	/System/Library/Frameworks/Accelerate.framework/Versions/A/Accelerate
0x00007fff3ddda000 	/System/Library/Frameworks/IOSurface.framework/Versions/A/IOSurface
0x00007fff39f3e000 	/System/Library/Frameworks/AudioToolbox.framework/Versions/A/AudioToolbox
0x00007fff3a1cb000 	/System/Library/Frameworks/AudioUnit.framework/Versions/A/AudioUnit
0x00007fff4f739000 	/System/Library/PrivateFrameworks/DataDetectorsCore.framework/Versions/A/DataDetectorsCore
0x00007fff3a88c000 	/System/Library/Frameworks/Carbon.framework/Versions/A/Frameworks/HIToolbox.framework/Versions/A/HIToolbox
0x00007fff6194c000 	/usr/lib/libicucore.A.dylib
0x00007fff46678000 	/System/Library/Frameworks/QuartzCore.framework/Versions/A/QuartzCore
0x00007fff3ac72000 	/System/Library/Frameworks/Carbon.framework/Versions/A/Frameworks/SpeechRecognition.framework/Versions/A/SpeechRecognition
0x00007fff60d4b000 	/usr/lib/libauto.dylib
0x00007fff62aca000 	/usr/lib/libxml2.2.dylib
0x00007fff4f317000 	/System/Library/PrivateFrameworks/CoreUI.framework/Versions/A/CoreUI
0x00007fff3afd9000 	/System/Library/Frameworks/CoreAudio.framework/Versions/A/CoreAudio
0x00007fff3d49d000 	/System/Library/Frameworks/DiskArbitration.framework/Versions/A/DiskArbitration
0x00007fff61bc0000 	/usr/lib/liblangid.dylib
0x00007fff56b86000 	/System/Library/PrivateFrameworks/MultitouchSupport.framework/Versions/A/MultitouchSupport
0x00007fff3dd3d000 	/System/Library/Frameworks/IOKit.framework/Versions/A/IOKit
0x00007fff60887000 	/usr/lib/libDiagnosticMessagesClient.dylib
0x00007fff3c67e000 	/System/Library/Frameworks/CoreServices.framework/Versions/A/CoreServices
0x00007fff58620000 	/System/Library/PrivateFrameworks/PerformanceAnalysis.framework/Versions/A/PerformanceAnalysis
0x00007fff45822000 	/System/Library/Frameworks/OpenGL.framework/Versions/A/OpenGL
0x00007fff3ad93000 	/System/Library/Frameworks/ColorSync.framework/Versions/A/ColorSync
0x00007fff3bfd0000 	/System/Library/Frameworks/CoreImage.framework/Versions/A/CoreImage
0x00007fff3d00e000 	/System/Library/Frameworks/CoreText.framework/Versions/A/CoreText
0x00007fff3de38000 	/System/Library/Frameworks/ImageIO.framework/Versions/A/ImageIO
0x00007fff4bb71000 	/System/Library/PrivateFrameworks/Backup.framework/Versions/A/Backup
0x00007fff60c9b000 	/usr/lib/libarchive.2.dylib
0x00007fff3a4e0000 	/System/Library/Frameworks/CFNetwork.framework/Versions/A/CFNetwork
0x00007fff47875000 	/System/Library/Frameworks/SystemConfiguration.framework/Versions/A/SystemConfiguration
0x00007fff607b0000 	/usr/lib/libCRFSuite.dylib
0x00007fff60e23000 	/usr/lib/libc++.1.dylib
0x00007fff60e7a000 	/usr/lib/libc++abi.dylib
0x00007fff62c8b000 	/usr/lib/system/libcache.dylib
0x00007fff62c90000 	/usr/lib/system/libcommonCrypto.dylib
0x00007fff62c9b000 	/usr/lib/system/libcompiler_rt.dylib
0x00007fff62ca3000 	/usr/lib/system/libcopyfile.dylib
0x00007fff62cac000 	/usr/lib/system/libcorecrypto.dylib
0x00007fff62db9000 	/usr/lib/system/libdispatch.dylib
0x00007fff62df3000 	/usr/lib/system/libdyld.dylib
0x00007fff62e11000 	/usr/lib/system/libkeymgr.dylib
0x00007fff62e1f000 	/usr/lib/system/liblaunch.dylib
0x00007fff62e20000 	/usr/lib/system/libmacho.dylib
0x00007fff62e25000 	/usr/lib/system/libquarantine.dylib
0x00007fff62e28000 	/usr/lib/system/libremovefile.dylib
0x00007fff62e2a000 	/usr/lib/system/libsystem_asl.dylib
0x00007fff62e42000 	/usr/lib/system/libsystem_blocks.dylib
0x00007fff62e43000 	/usr/lib/system/libsystem_c.dylib
0x00007fff62ecd000 	/usr/lib/system/libsystem_configuration.dylib
0x00007fff62ed1000 	/usr/lib/system/libsystem_coreservices.dylib
0x00007fff62ed5000 	/usr/lib/system/libsystem_darwin.dylib
0x00007fff62ed7000 	/usr/lib/system/libsystem_dnssd.dylib
0x00007fff62ede000 	/usr/lib/system/libsystem_info.dylib
0x00007fff62f4e000 	/usr/lib/system/libsystem_m.dylib
0x00007fff62f9a000 	/usr/lib/system/libsystem_malloc.dylib
0x00007fff62fba000 	/usr/lib/system/libsystem_network.dylib
0x00007fff6305f000 	/usr/lib/system/libsystem_networkextension.dylib
0x00007fff6306a000 	/usr/lib/system/libsystem_notify.dylib
0x00007fff63088000 	/usr/lib/system/libsystem_sandbox.dylib
0x00007fff6308c000 	/usr/lib/system/libsystem_secinit.dylib
0x00007fff62f28000 	/usr/lib/system/libsystem_kernel.dylib
0x00007fff63074000 	/usr/lib/system/libsystem_platform.dylib
0x00007fff6307c000 	/usr/lib/system/libsystem_pthread.dylib
0x00007fff6308e000 	/usr/lib/system/libsystem_symptoms.dylib
0x00007fff63096000 	/usr/lib/system/libsystem_trace.dylib
0x00007fff630ab000 	/usr/lib/system/libunwind.dylib
0x00007fff630b1000 	/usr/lib/system/libxpc.dylib
0x00007fff606dd000 	/usr/lib/closure/libclosured.dylib
0x00007fff60e04000 	/usr/lib/libbsm.0.dylib
0x00007fff62e12000 	/usr/lib/system/libkxld.dylib
0x00007fff60ac1000 	/usr/lib/libOpenScriptingUtil.dylib
0x00007fff61174000 	/usr/lib/libcoretls.dylib
0x00007fff6118d000 	/usr/lib/libcoretls_cfhelpers.dylib
0x00007fff625f1000 	/usr/lib/libpam.2.dylib
0x00007fff62717000 	/usr/lib/libsqlite3.dylib
0x00007fff62ab9000 	/usr/lib/libxar.1.dylib
0x00007fff60e15000 	/usr/lib/libbz2.1.0.dylib
0x00007fff61bc2000 	/usr/lib/liblzma.5.dylib
0x00007fff620a3000 	/usr/lib/libnetwork.dylib
0x00007fff60c84000 	/usr/lib/libapple_nghttp2.dylib
0x00007fff625f8000 	/usr/lib/libpcap.A.dylib
0x00007fff60d4c000 	/usr/lib/libboringssl.dylib
0x00007fff62a7b000 	/usr/lib/libusrtcp.dylib
0x00007fff60c83000 	/usr/lib/libapple_crypto.dylib
0x00007fff3ca01000 	/System/Library/Frameworks/CoreServices.framework/Versions/A/Frameworks/FSEvents.framework/Versions/A/FSEvents
0x00007fff3c6f4000 	/System/Library/Frameworks/CoreServices.framework/Versions/A/Frameworks/CarbonCore.framework/Versions/A/CarbonCore
0x00007fff3cbc3000 	/System/Library/Frameworks/CoreServices.framework/Versions/A/Frameworks/Metadata.framework/Versions/A/Metadata
0x00007fff3cc73000 	/System/Library/Frameworks/CoreServices.framework/Versions/A/Frameworks/OSServices.framework/Versions/A/OSServices
0x00007fff3ccd1000 	/System/Library/Frameworks/CoreServices.framework/Versions/A/Frameworks/SearchKit.framework/Versions/A/SearchKit
0x00007fff3c67f000 	/System/Library/Frameworks/CoreServices.framework/Versions/A/Frameworks/AE.framework/Versions/A/AE
0x00007fff3ca0a000 	/System/Library/Frameworks/CoreServices.framework/Versions/A/Frameworks/LaunchServices.framework/Versions/A/LaunchServices
0x00007fff3c9cc000 	/System/Library/Frameworks/CoreServices.framework/Versions/A/Frameworks/DictionaryServices.framework/Versions/A/DictionaryServices
0x00007fff3cd40000 	/System/Library/Frameworks/CoreServices.framework/Versions/A/Frameworks/SharedFileList.framework/Versions/A/SharedFileList
0x00007fff40caf000 	/System/Library/Frameworks/NetFS.framework/Versions/A/NetFS
0x00007fff56e13000 	/System/Library/PrivateFrameworks/NetAuth.framework/Versions/A/NetAuth
0x00007fff60577000 	/System/Library/PrivateFrameworks/login.framework/Versions/A/Frameworks/loginsupport.framework/Versions/A/loginsupport
0x00007fff5e909000 	/System/Library/PrivateFrameworks/TCC.framework/Versions/A/TCC
0x00007fff61ca3000 	/usr/lib/libmecabra.dylib
0x00007fff399f5000 	/System/Library/Frameworks/ApplicationServices.framework/Versions/A/Frameworks/ATS.framework/Versions/A/ATS
0x00007fff39da3000 	/System/Library/Frameworks/ApplicationServices.framework/Versions/A/Frameworks/ColorSyncLegacy.framework/Versions/A/ColorSyncLegacy
0x00007fff39e47000 	/System/Library/Frameworks/ApplicationServices.framework/Versions/A/Frameworks/HIServices.framework/Versions/A/HIServices
0x00007fff39e9a000 	/System/Library/Frameworks/ApplicationServices.framework/Versions/A/Frameworks/LangAnalysis.framework/Versions/A/LangAnalysis
0x00007fff39ea9000 	/System/Library/Frameworks/ApplicationServices.framework/Versions/A/Frameworks/PrintCore.framework/Versions/A/PrintCore
0x00007fff39ef6000 	/System/Library/Frameworks/ApplicationServices.framework/Versions/A/Frameworks/QD.framework/Versions/A/QD
0x00007fff39f31000 	/System/Library/Frameworks/ApplicationServices.framework/Versions/A/Frameworks/SpeechSynthesis.framework/Versions/A/SpeechSynthesis
0x00007fff3b452000 	/System/Library/Frameworks/CoreDisplay.framework/Versions/A/CoreDisplay
0x00007fff37b1e000 	/System/Library/Frameworks/Accelerate.framework/Versions/A/Frameworks/vImage.framework/Versions/A/vImage
0x00007fff38855000 	/System/Library/Frameworks/Accelerate.framework/Versions/A/Frameworks/vecLib.framework/Versions/A/vecLib
0x00007fff385f7000 	/System/Library/Frameworks/Accelerate.framework/Versions/A/Frameworks/vecLib.framework/Versions/A/libvDSP.dylib
0x00007fff38178000 	/System/Library/Frameworks/Accelerate.framework/Versions/A/Frameworks/vecLib.framework/Versions/A/libBNNS.dylib
0x00007fff3857e000 	/System/Library/Frameworks/Accelerate.framework/Versions/A/Frameworks/vecLib.framework/Versions/A/libQuadrature.dylib
0x00007fff387a4000 	/System/Library/Frameworks/Accelerate.framework/Versions/A/Frameworks/vecLib.framework/Versions/A/libvMisc.dylib
0x00007fff381a7000 	/System/Library/Frameworks/Accelerate.framework/Versions/A/Frameworks/vecLib.framework/Versions/A/libLAPACK.dylib
0x00007fff3801d000 	/System/Library/Frameworks/Accelerate.framework/Versions/A/Frameworks/vecLib.framework/Versions/A/libBLAS.dylib
0x00007fff38568000 	/System/Library/Frameworks/Accelerate.framework/Versions/A/Frameworks/vecLib.framework/Versions/A/libLinearAlgebra.dylib
0x00007fff38584000 	/System/Library/Frameworks/Accelerate.framework/Versions/A/Frameworks/vecLib.framework/Versions/A/libSparse.dylib
0x00007fff385e3000 	/System/Library/Frameworks/Accelerate.framework/Versions/A/Frameworks/vecLib.framework/Versions/A/libSparseBLAS.dylib
0x00007fff554d0000 	/System/Library/PrivateFrameworks/IOAccelerator.framework/Versions/A/IOAccelerator
0x00007fff554db000 	/System/Library/PrivateFrameworks/IOPresentment.framework/Versions/A/IOPresentment
0x00007fff4f6af000 	/System/Library/PrivateFrameworks/DSExternalDisplay.framework/Versions/A/DSExternalDisplay
0x00007fff44ca4000 	/System/Library/Frameworks/OpenGL.framework/Versions/A/Libraries/libCoreFSCache.dylib
0x00007fff3d15d000 	/System/Library/Frameworks/CoreVideo.framework/Versions/A/CoreVideo
0x00007fff54b23000 	/System/Library/PrivateFrameworks/GraphVisualizer.framework/Versions/A/GraphVisualizer
0x00007fff3fca6000 	/System/Library/Frameworks/MetalPerformanceShaders.framework/Versions/A/MetalPerformanceShaders
0x00007fff608bf000 	/usr/lib/libFosl_dynamic.dylib
0x00007fff506e1000 	/System/Library/PrivateFrameworks/FaceCore.framework/Versions/A/FaceCore
0x00007fff43aac000 	/System/Library/Frameworks/OpenCL.framework/Versions/A/OpenCL
0x00007fff60eb1000 	/usr/lib/libcompression.dylib
0x00007fff39af4000 	/System/Library/Frameworks/ApplicationServices.framework/Versions/A/Frameworks/ATS.framework/Versions/A/Resources/libFontParser.dylib
0x00007fff39c17000 	/System/Library/Frameworks/ApplicationServices.framework/Versions/A/Frameworks/ATS.framework/Versions/A/Resources/libFontRegistry.dylib
0x00007fff3e09d000 	/System/Library/Frameworks/ImageIO.framework/Versions/A/Resources/libJPEG.dylib
0x00007fff3e3c6000 	/System/Library/Frameworks/ImageIO.framework/Versions/A/Resources/libTIFF.dylib
0x00007fff3e39c000 	/System/Library/Frameworks/ImageIO.framework/Versions/A/Resources/libPng.dylib
0x00007fff3dfb0000 	/System/Library/Frameworks/ImageIO.framework/Versions/A/Resources/libGIF.dylib
0x00007fff3dfb5000 	/System/Library/Frameworks/ImageIO.framework/Versions/A/Resources/libJP2.dylib
0x00007fff3e3c3000 	/System/Library/Frameworks/ImageIO.framework/Versions/A/Resources/libRadiance.dylib
0x00007fff4b2d2000 	/System/Library/PrivateFrameworks/AppleJPEG.framework/Versions/A/AppleJPEG
0x00007fff56905000 	/System/Library/PrivateFrameworks/MetalTools.framework/Versions/A/MetalTools
0x00007fff3fb7f000 	/System/Library/Frameworks/MetalPerformanceShaders.framework/Frameworks/MPSCore.framework/Versions/A/MPSCore
0x00007fff3fb95000 	/System/Library/Frameworks/MetalPerformanceShaders.framework/Frameworks/MPSImage.framework/Versions/A/MPSImage
0x00007fff3fc01000 	/System/Library/Frameworks/MetalPerformanceShaders.framework/Frameworks/MPSMatrix.framework/Versions/A/MPSMatrix
0x00007fff3fc25000 	/System/Library/Frameworks/MetalPerformanceShaders.framework/Frameworks/MPSNeuralNetwork.framework/Versions/A/MPSNeuralNetwork
0x00007fff44e6c000 	/System/Library/Frameworks/OpenGL.framework/Versions/A/Libraries/libGLU.dylib
0x00007fff44cae000 	/System/Library/Frameworks/OpenGL.framework/Versions/A/Libraries/libGFXShared.dylib
0x00007fff44cb7000 	/System/Library/Frameworks/OpenGL.framework/Versions/A/Libraries/libGL.dylib
0x00007fff44cc3000 	/System/Library/Frameworks/OpenGL.framework/Versions/A/Libraries/libGLImage.dylib
0x00007fff44ca1000 	/System/Library/Frameworks/OpenGL.framework/Versions/A/Libraries/libCVMSPluginSupport.dylib
0x00007fff44ca9000 	/System/Library/Frameworks/OpenGL.framework/Versions/A/Libraries/libCoreVMClient.dylib
0x00007fff6165e000 	/usr/lib/libcups.2.dylib
0x00007fff3f14d000 	/System/Library/Frameworks/Kerberos.framework/Versions/A/Kerberos
0x00007fff3da98000 	/System/Library/Frameworks/GSS.framework/Versions/A/GSS
0x00007fff626ab000 	/usr/lib/libresolv.9.dylib
0x00007fff6185a000 	/usr/lib/libiconv.2.dylib
0x00007fff54baa000 	/System/Library/PrivateFrameworks/Heimdal.framework/Versions/A/Heimdal
0x00007fff61829000 	/usr/lib/libheimdal-asn1.dylib
0x00007fff43b17000 	/System/Library/Frameworks/OpenDirectory.framework/Versions/A/OpenDirectory
0x00007fff4d587000 	/System/Library/PrivateFrameworks/CommonAuth.framework/Versions/A/CommonAuth
0x00007fff43afa000 	/System/Library/Frameworks/OpenDirectory.framework/Versions/A/Frameworks/CFOpenDirectory.framework/Versions/A/CFOpenDirectory
0x00007fff47411000 	/System/Library/Frameworks/SecurityFoundation.framework/Versions/A/SecurityFoundation
0x00007fff4a4c3000 	/System/Library/PrivateFrameworks/APFS.framework/Versions/A/APFS
0x00007fff62ab5000 	/usr/lib/libutil.dylib
0x00007fff4b355000 	/System/Library/PrivateFrameworks/AppleSauce.framework/Versions/A/AppleSauce
0x00007fff55cb2000 	/System/Library/PrivateFrameworks/LinguisticData.framework/Versions/A/LinguisticData
0x00007fff61bdc000 	/usr/lib/libmarisa.dylib
0x00007fff55c6c000 	/System/Library/PrivateFrameworks/Lexicon.framework/Versions/A/Lexicon
0x00007fff607ea000 	/usr/lib/libChineseTokenizer.dylib
0x00007fff60ea0000 	/usr/lib/libcmph.dylib
0x00007fff55b76000 	/System/Library/PrivateFrameworks/LanguageModeling.framework/Versions/A/LanguageModeling
0x00007fff4df9d000 	/System/Library/PrivateFrameworks/CoreEmoji.framework/Versions/A/CoreEmoji
0x00007fff474cd000 	/System/Library/Frameworks/ServiceManagement.framework/Versions/A/ServiceManagement
0x00007fff4bb69000 	/System/Library/PrivateFrameworks/BackgroundTaskManagement.framework/Versions/A/BackgroundTaskManagement
0x00007fff62bb2000 	/usr/lib/libxslt.1.dylib
0x00007fff3ab9c000 	/System/Library/Frameworks/Carbon.framework/Versions/A/Frameworks/Ink.framework/Versions/A/Ink
0x00007fff5eb1d000 	/System/Library/PrivateFrameworks/TextureIO.framework/Versions/A/TextureIO
0x00007fff60cc6000 	/usr/lib/libate.dylib
0x00007fff4f611000 	/System/Library/PrivateFrameworks/CrashReporterSupport.framework/Versions/A/CrashReporterSupport
0x00007fff5bf72000 	/System/Library/PrivateFrameworks/Sharing.framework/Versions/A/Sharing
0x00007fff558bc000 	/System/Library/PrivateFrameworks/IconServices.framework/Versions/A/IconServices
0x00007fff5a43c000 	/System/Library/PrivateFrameworks/ProtocolBuffer.framework/Versions/A/ProtocolBuffer
0x00007fff4b15d000 	/System/Library/PrivateFrameworks/Apple80211.framework/Versions/A/Apple80211
0x00007fff3d198000 	/System/Library/Frameworks/CoreWLAN.framework/Versions/A/CoreWLAN
0x00007fff4f44c000 	/System/Library/PrivateFrameworks/CoreUtils.framework/Versions/A/CoreUtils
0x00007fff3dbda000 	/System/Library/Frameworks/IOBluetooth.framework/Versions/A/IOBluetooth
0x00007fff4f5ac000 	/System/Library/PrivateFrameworks/CoreWiFi.framework/Versions/A/CoreWiFi
0x00007fff3b0d3000 	/System/Library/Frameworks/CoreBluetooth.framework/Versions/A/CoreBluetooth
0x00007fff5c0ac000 	/System/Library/PrivateFrameworks/SignpostNotification.framework/Versions/A/SignpostNotification
0x00007fff4f7fd000 	/System/Library/PrivateFrameworks/DebugSymbols.framework/Versions/A/DebugSymbols
0x00007fff4f203000 	/System/Library/PrivateFrameworks/CoreSymbolication.framework/Versions/A/CoreSymbolication
0x00007fff5e394000 	/System/Library/PrivateFrameworks/Symbolication.framework/Versions/A/Symbolication
0x00007fff4b187000 	/System/Library/PrivateFrameworks/AppleFSCompression.framework/Versions/A/AppleFSCompression
0x00007fff5d7f5000 	/System/Library/PrivateFrameworks/SpeechRecognitionCore.framework/Versions/A/SpeechRecognitionCore
0x0000000108c00000 	/Library/Java/JavaVirtualMachines/jdk-9.0.1.jdk/Contents/Home/lib/server/libjvm.dylib
0x00007fff629ac000 	/usr/lib/libstdc++.6.0.9.dylib
0x0000000107bf5000 	/Library/Java/JavaVirtualMachines/jdk-9.0.1.jdk/Contents/Home/lib/libverify.dylib
0x0000000107c02000 	/Library/Java/JavaVirtualMachines/jdk-9.0.1.jdk/Contents/Home/lib/libjava.dylib
0x0000000107c38000 	/Library/Java/JavaVirtualMachines/jdk-9.0.1.jdk/Contents/Home/lib/libjdwp.dylib
0x0000000107cbd000 	/Library/Java/JavaVirtualMachines/jdk-9.0.1.jdk/Contents/Home/lib/libzip.dylib
0x0000000107cc5000 	/Library/Java/JavaVirtualMachines/jdk-9.0.1.jdk/Contents/Home/lib/libjimage.dylib
0x0000000108326000 	/Library/Java/JavaVirtualMachines/jdk-9.0.1.jdk/Contents/Home/lib/libnio.dylib
0x00000001083d6000 	/Library/Java/JavaVirtualMachines/jdk-9.0.1.jdk/Contents/Home/lib/./libnet.dylib
0x00000001083ed000 	/Library/Java/JavaVirtualMachines/jdk-9.0.1.jdk/Contents/Home/lib/libdt_socket.dylib
0x000000012ae6b000 	/Library/Java/JavaVirtualMachines/jdk-9.0.1.jdk/Contents/Home/lib/libsunec.dylib

VM Arguments:
jvm_args: -agentlib:jdwp=transport=dt_socket,suspend=y,address=localhost:60867 -ea -Dfile.encoding=UTF-8 
java_command: org.testng.remote.RemoteTestNG -serport 60866 -protocol json -d /Users/nilmi/Documents/SPH/WebChallenge/test-output /var/folders/63/qfwfx1sd5tjdk0wz8vc3srbm0000gn/T/testng-eclipse--647200478/testng-customsuite.xml
java_class_path (initial): /Applications/Eclipse.app/Contents/Eclipse/configuration/org.eclipse.osgi/508/0/.cp/lib/testng-remote.jar:/Users/nilmi/Documents/SPH/WebChallenge/target/test-classes:/Users/nilmi/Documents/SPH/WebChallenge/target/classes:/Users/nilmi/.m2/repository/junit/junit/3.8.1/junit-3.8.1.jar:/Users/nilmi/.m2/repository/org/testng/testng/6.13.1/testng-6.13.1.jar:/Users/nilmi/.m2/repository/com/beust/jcommander/1.72/jcommander-1.72.jar:/Users/nilmi/.m2/repository/org/seleniumhq/selenium/selenium-java/3.8.1/selenium-java-3.8.1.jar:/Users/nilmi/.m2/repository/org/seleniumhq/selenium/selenium-api/3.8.1/selenium-api-3.8.1.jar:/Users/nilmi/.m2/repository/org/seleniumhq/selenium/selenium-chrome-driver/3.8.1/selenium-chrome-driver-3.8.1.jar:/Users/nilmi/.m2/repository/org/seleniumhq/selenium/selenium-edge-driver/3.8.1/selenium-edge-driver-3.8.1.jar:/Users/nilmi/.m2/repository/org/seleniumhq/selenium/selenium-firefox-driver/3.8.1/selenium-firefox-driver-3.8.1.jar:/Users/nilmi/.m2/repository/org/seleniumhq/selenium/selenium-ie-driver/3.8.1/selenium-ie-driver-3.8.1.jar:/Users/nilmi/.m2/repository/org/seleniumhq/selenium/selenium-opera-driver/3.8.1/selenium-opera-driver-3.8.1.jar:/Users/nilmi/.m2/repository/org/seleniumhq/selenium/selenium-remote-driver/3.8.1/selenium-remote-driver-3.8.1.jar:/Users/nilmi/.m2/repository/org/seleniumhq/selenium/selenium-safari-driver/3.8.1/selenium-safari-driver-3.8.1.jar:/Users/nilmi/.m2/repository/org/seleniumhq/selenium/selenium-support/3.8.1/selenium-support-3.8.1.jar:/Users/nilmi/.m2/repository/net/bytebuddy/byte-buddy/1.7.5/byte-buddy-1.7.5.jar:/Users/nilmi/.m2/repository/org/apache/commons/commons-exec/1.3/commons-exec-1.3.jar:/Users/nilmi/.m2/repository/commons-codec/commons-codec/1.10/commons-codec-1.10.jar:/Users/nilmi/.m2/repository/commons-logging/commons-logging/1.2/commons-logging-1.2.jar:/Users/nilmi/.m2/repository/com/google/code/gson/gson/2.8.2/gson-2.8.2.jar:/Users/nilmi/.m2/repository/com/google/guava/guava/23
Launcher Type: SUN_STANDARD

Logging:
Log output configuration:
#0: stdout all=warning uptime,level,tags
#1: stderr all=off uptime,level,tags

Environment Variables:
PATH=/usr/bin:/bin:/usr/sbin:/sbin
SHELL=/bin/bash

Signal Handlers:
SIGSEGV: [libjvm.dylib+0x73e2dc], sa_mask[0]=11111111011111110111111111111111, sa_flags=SA_ONSTACK|SA_RESTART|SA_SIGINFO
SIGBUS: [libjvm.dylib+0x73e2dc], sa_mask[0]=11111111011111110111111111111111, sa_flags=SA_RESTART|SA_SIGINFO
SIGFPE: [libjvm.dylib+0x73e2dc], sa_mask[0]=11111111011111110111111111111111, sa_flags=SA_RESTART|SA_SIGINFO
SIGPIPE: [libjvm.dylib+0x5f15ac], sa_mask[0]=11111111011111110111111111111111, sa_flags=SA_RESTART|SA_SIGINFO
SIGXFSZ: [libjvm.dylib+0x5f15ac], sa_mask[0]=11111111011111110111111111111111, sa_flags=SA_RESTART|SA_SIGINFO
SIGILL: [libjvm.dylib+0x73e2dc], sa_mask[0]=11111111011111110111111111111111, sa_flags=SA_RESTART|SA_SIGINFO
SIGUSR2: [libjvm.dylib+0x5f1e3c], sa_mask[0]=00100000000000000000000000000000, sa_flags=SA_RESTART|SA_SIGINFO
SIGHUP: [libjvm.dylib+0x5f0679], sa_mask[0]=11111111011111110111111111111111, sa_flags=SA_RESTART|SA_SIGINFO
SIGINT: [libjvm.dylib+0x5f0679], sa_mask[0]=11111111011111110111111111111111, sa_flags=SA_RESTART|SA_SIGINFO
SIGTERM: [libjvm.dylib+0x5f0679], sa_mask[0]=11111111011111110111111111111111, sa_flags=SA_RESTART|SA_SIGINFO
SIGQUIT: [libjvm.dylib+0x5f0679], sa_mask[0]=11111111011111110111111111111111, sa_flags=SA_RESTART|SA_SIGINFO


---------------  S Y S T E M  ---------------

OS:uname:Darwin 17.3.0 Darwin Kernel Version 17.3.0: Thu Nov  9 18:09:22 PST 2017; root:xnu-4570.31.3~1/RELEASE_X86_64 x86_64
rlimit: STACK 8192k, CORE 0k, NPROC 709, NOFILE 10240, AS infinity
load average:6.86 5.24 4.49

CPU:total 4 (initial active 4) (2 cores per cpu, 2 threads per core) family 6 model 142 stepping 9, cmov, cx8, fxsr, mmx, sse, sse2, sse3, ssse3, sse4.1, sse4.2, popcnt, avx, avx2, aes, clmul, erms, rtm, 3dnowpref, lzcnt, ht, tsc, tscinvbit, bmi1, bmi2, adx, fma

Memory: 4k page, physical 8388608k(18016k free)

vm_info: Java HotSpot(TM) 64-Bit Server VM (9.0.1+11) for bsd-amd64 JRE (9.0.1+11), built on Sep 28 2017 03:49:57 by "mach5one" with gcc 4.2.1 Compatible Apple LLVM 6.1.0 (clang-602.0.49)

END.
